06/21 05:07:36 AM | args = Namespace(batch_size_test=4, batch_size_train=4, class_num=5, data_dir='/mnt/nfsdisk/jier/4_MANN/mann_hdv/data', feature_dim=512, gpu='2,3', input_channel=1, learning_rate=0.0001, log_dir='./log_binary_5_1', log_interval=100, num_shot=1, pool_query_test=15, pool_query_train=10, pool_val_train=9, pretrained_dir='None', quantization=1, test_episode=1000, test_only=0, train_episode=10000, val_episode=250, val_interval=500, val_num_train=3)
06/21 05:07:36 AM | --------------------------------------------------
06/21 05:07:36 AM | ========> Initialize data folders...
06/21 05:07:36 AM | ========> Build and Initialize the Controller...
06/21 05:07:40 AM | Controller(
  (features): Sequential(
    (conv1): first_conv(1, 128, kernel_size=(5, 5), stride=(1, 1), bias=False)
    (relu1): ReLU()
    (conv2): XNOR_BinarizeConv2d(128, 128, kernel_size=(5, 5), stride=(1, 1), bias=False)
    (relu2): ReLU()
    (maxpool1): MaxPool2d(kernel_size=2, stride=2, padding=0, dilation=1, ceil_mode=False)
    (conv3): XNOR_BinarizeConv2d(128, 128, kernel_size=(3, 3), stride=(1, 1), bias=False)
    (relu3): ReLU()
    (conv4): XNOR_BinarizeConv2d(128, 128, kernel_size=(3, 3), stride=(1, 1), bias=False)
    (relu4): ReLU()
    (maxpool2): MaxPool2d(kernel_size=2, stride=2, padding=0, dilation=1, ceil_mode=False)
  )
  (fc1): last_fc(in_features=2048, out_features=512, bias=True)
)
06/21 05:07:40 AM | ========> Training...
06/21 05:07:49 AM | episode:100, loss:0.97
06/21 05:07:53 AM | episode:200, loss:0.82
06/21 05:07:57 AM | episode:300, loss:0.75
06/21 05:08:01 AM | episode:400, loss:1.74
06/21 05:08:05 AM | episode:500, loss:0.59
06/21 05:08:05 AM | -------- Validation --------
06/21 05:08:09 AM | Validation accuracy: 78.05%.
06/21 05:08:09 AM | Save controller for episode: 500.
06/21 05:08:09 AM | ----------------------------
06/21 05:08:13 AM | episode:600, loss:0.88
06/21 05:08:17 AM | episode:700, loss:0.87
06/21 05:08:22 AM | episode:800, loss:1.06
06/21 05:08:26 AM | episode:900, loss:1.19
06/21 05:08:30 AM | episode:1000, loss:0.60
06/21 05:08:30 AM | -------- Validation --------
06/21 05:08:33 AM | Validation accuracy: 89.07%.
06/21 05:08:33 AM | Save controller for episode: 1000.
06/21 05:08:33 AM | ----------------------------
06/21 05:08:38 AM | episode:1100, loss:0.51
06/21 05:08:42 AM | episode:1200, loss:0.72
06/21 05:08:46 AM | episode:1300, loss:0.67
06/21 05:08:50 AM | episode:1400, loss:1.12
06/21 05:08:54 AM | episode:1500, loss:0.87
06/21 05:08:54 AM | -------- Validation --------
06/21 05:08:58 AM | Validation accuracy: 49.23%.
06/21 05:08:58 AM | ----------------------------
06/21 05:09:02 AM | episode:1600, loss:0.55
06/21 05:09:06 AM | episode:1700, loss:0.53
06/21 05:09:10 AM | episode:1800, loss:1.51
06/21 05:09:14 AM | episode:1900, loss:0.52
06/21 05:09:18 AM | episode:2000, loss:0.44
06/21 05:09:18 AM | -------- Validation --------
06/21 05:09:22 AM | Validation accuracy: 88.91%.
06/21 05:09:22 AM | ----------------------------
06/21 05:09:26 AM | episode:2100, loss:0.48
06/21 05:09:30 AM | episode:2200, loss:0.86
06/21 05:09:34 AM | episode:2300, loss:0.51
06/21 05:09:38 AM | episode:2400, loss:0.69
06/21 05:09:42 AM | episode:2500, loss:0.66
06/21 05:09:42 AM | -------- Validation --------
06/21 05:09:46 AM | Validation accuracy: 90.91%.
06/21 05:09:46 AM | Save controller for episode: 2500.
06/21 05:09:46 AM | ----------------------------
06/21 05:09:50 AM | episode:2600, loss:0.50
06/21 05:09:54 AM | episode:2700, loss:0.55
06/21 05:09:58 AM | episode:2800, loss:0.82
06/21 05:10:02 AM | episode:2900, loss:0.40
06/21 05:10:06 AM | episode:3000, loss:0.35
06/21 05:10:06 AM | -------- Validation --------
06/21 05:10:10 AM | Validation accuracy: 96.05%.
06/21 05:10:10 AM | Save controller for episode: 3000.
06/21 05:10:10 AM | ----------------------------
06/21 05:10:13 AM | episode:3100, loss:0.54
06/21 05:10:18 AM | episode:3200, loss:0.56
06/21 05:10:22 AM | episode:3300, loss:0.40
06/21 05:10:26 AM | episode:3400, loss:1.06
06/21 05:10:30 AM | episode:3500, loss:0.55
06/21 05:10:30 AM | -------- Validation --------
06/21 05:10:34 AM | Validation accuracy: 85.07%.
06/21 05:10:34 AM | ----------------------------
06/21 05:10:38 AM | episode:3600, loss:0.39
06/21 05:10:42 AM | episode:3700, loss:0.52
06/21 05:10:46 AM | episode:3800, loss:0.60
06/21 05:10:51 AM | episode:3900, loss:0.47
06/21 05:10:55 AM | episode:4000, loss:0.48
06/21 05:10:55 AM | -------- Validation --------
06/21 05:10:59 AM | Validation accuracy: 95.44%.
06/21 05:10:59 AM | ----------------------------
06/21 05:11:03 AM | episode:4100, loss:0.61
06/21 05:11:07 AM | episode:4200, loss:0.31
06/21 05:11:11 AM | episode:4300, loss:0.47
06/21 05:11:16 AM | episode:4400, loss:0.36
06/21 05:11:20 AM | episode:4500, loss:0.42
06/21 05:11:20 AM | -------- Validation --------
06/21 05:11:24 AM | Validation accuracy: 92.05%.
06/21 05:11:24 AM | ----------------------------
06/21 05:11:28 AM | episode:4600, loss:0.34
06/21 05:11:32 AM | episode:4700, loss:0.54
06/21 05:11:36 AM | episode:4800, loss:0.38
06/21 05:11:40 AM | episode:4900, loss:0.37
06/21 05:11:44 AM | episode:5000, loss:0.47
06/21 05:11:44 AM | -------- Validation --------
06/21 05:11:48 AM | Validation accuracy: 97.92%.
06/21 05:11:48 AM | Save controller for episode: 5000.
06/21 05:11:48 AM | ----------------------------
06/21 05:11:52 AM | episode:5100, loss:0.65
06/21 05:11:56 AM | episode:5200, loss:0.56
06/21 05:12:00 AM | episode:5300, loss:0.37
06/21 05:12:04 AM | episode:5400, loss:0.43
06/21 05:12:08 AM | episode:5500, loss:0.46
06/21 05:12:08 AM | -------- Validation --------
06/21 05:12:12 AM | Validation accuracy: 95.49%.
06/21 05:12:12 AM | ----------------------------
06/21 05:12:16 AM | episode:5600, loss:0.40
06/21 05:12:19 AM | episode:5700, loss:0.35
06/21 05:12:24 AM | episode:5800, loss:0.34
06/21 05:12:28 AM | episode:5900, loss:0.55
06/21 05:12:33 AM | episode:6000, loss:0.53
06/21 05:12:33 AM | -------- Validation --------
06/21 05:12:36 AM | Validation accuracy: 95.17%.
06/21 05:12:36 AM | ----------------------------
06/21 05:12:40 AM | episode:6100, loss:0.35
06/21 05:12:45 AM | episode:6200, loss:0.93
06/21 05:12:48 AM | episode:6300, loss:0.49
06/21 05:12:52 AM | episode:6400, loss:0.35
06/21 05:12:56 AM | episode:6500, loss:0.44
06/21 05:12:56 AM | -------- Validation --------
06/21 05:13:00 AM | Validation accuracy: 84.32%.
06/21 05:13:00 AM | ----------------------------
06/21 05:13:03 AM | episode:6600, loss:0.36
06/21 05:13:07 AM | episode:6700, loss:0.35
06/21 05:13:11 AM | episode:6800, loss:0.55
06/21 05:13:15 AM | episode:6900, loss:0.38
06/21 05:13:19 AM | episode:7000, loss:0.39
06/21 05:13:19 AM | -------- Validation --------
06/21 05:13:23 AM | Validation accuracy: 97.60%.
06/21 05:13:23 AM | ----------------------------
06/21 05:13:28 AM | episode:7100, loss:0.34
06/21 05:13:32 AM | episode:7200, loss:0.43
06/21 05:13:35 AM | episode:7300, loss:0.36
06/21 05:13:39 AM | episode:7400, loss:0.33
06/21 05:13:43 AM | episode:7500, loss:0.47
06/21 05:13:43 AM | -------- Validation --------
06/21 05:13:47 AM | Validation accuracy: 84.29%.
06/21 05:13:47 AM | ----------------------------
06/21 05:13:51 AM | episode:7600, loss:0.32
06/21 05:13:56 AM | episode:7700, loss:0.41
06/21 05:14:00 AM | episode:7800, loss:0.78
06/21 05:14:04 AM | episode:7900, loss:0.45
06/21 05:14:08 AM | episode:8000, loss:0.34
06/21 05:14:08 AM | -------- Validation --------
06/21 05:14:12 AM | Validation accuracy: 88.99%.
06/21 05:14:12 AM | ----------------------------
06/21 05:14:16 AM | episode:8100, loss:0.34
06/21 05:14:20 AM | episode:8200, loss:0.39
06/21 05:14:24 AM | episode:8300, loss:0.38
06/21 05:14:28 AM | episode:8400, loss:0.32
06/21 05:14:33 AM | episode:8500, loss:0.63
06/21 05:14:33 AM | -------- Validation --------
06/21 05:14:36 AM | Validation accuracy: 84.48%.
06/21 05:14:36 AM | ----------------------------
06/21 05:14:41 AM | episode:8600, loss:0.47
06/21 05:14:45 AM | episode:8700, loss:0.37
06/21 05:14:49 AM | episode:8800, loss:0.37
06/21 05:14:53 AM | episode:8900, loss:0.32
06/21 05:14:57 AM | episode:9000, loss:0.54
06/21 05:14:57 AM | -------- Validation --------
06/21 05:15:01 AM | Validation accuracy: 97.73%.
06/21 05:15:01 AM | ----------------------------
06/21 05:15:05 AM | episode:9100, loss:0.31
06/21 05:15:09 AM | episode:9200, loss:0.30
06/21 05:15:14 AM | episode:9300, loss:0.56
06/21 05:15:18 AM | episode:9400, loss:0.40
06/21 05:15:22 AM | episode:9500, loss:0.42
06/21 05:15:22 AM | -------- Validation --------
06/21 05:15:26 AM | Validation accuracy: 88.51%.
06/21 05:15:26 AM | ----------------------------
06/21 05:15:30 AM | episode:9600, loss:0.52
06/21 05:15:34 AM | episode:9700, loss:0.39
06/21 05:15:39 AM | episode:9800, loss:0.30
06/21 05:15:42 AM | episode:9900, loss:0.49
06/21 05:15:46 AM | episode:10000, loss:0.67
06/21 05:15:46 AM | -------- Validation --------
06/21 05:15:50 AM | Validation accuracy: 100.00%.
06/21 05:15:50 AM | Save controller for episode: 10000.
06/21 05:15:50 AM | ----------------------------
06/21 05:15:50 AM |  
06/21 05:15:50 AM | ========> Training finished!
06/21 05:15:50 AM | Training accuracy: 87.87%.
06/21 05:15:50 AM |  
06/21 05:15:50 AM | ========> Use the best performance Controller to test...
06/21 05:16:15 AM | Testing accuracy: 94.40%.
