06/21 10:56:27 AM | args = Namespace(batch_size_test=4, batch_size_train=4, class_num=5, data_dir='/mnt/nfsdisk/jier/4_MANN/mann_hdv/data', feature_dim=512, gpu='0,1', input_channel=1, learning_rate=0.0001, log_dir='./log_full_precision_5_1', log_interval=100, num_shot=1, pool_query_test=15, pool_query_train=10, pool_val_train=9, pretrained_dir='None', quantization=0, test_episode=1000, test_only=0, train_episode=10000, val_episode=250, val_interval=500, val_num_train=3)
06/21 10:56:27 AM | --------------------------------------------------
06/21 10:56:27 AM | ========> Initialize data folders...
06/21 10:56:27 AM | ========> Build and Initialize the Controller...
06/21 10:56:27 AM | Controller(
  (features): Sequential(
    (conv1): Conv2d(1, 128, kernel_size=(5, 5), stride=(1, 1))
    (relu1): ReLU()
    (conv2): Conv2d(128, 128, kernel_size=(5, 5), stride=(1, 1))
    (relu2): ReLU()
    (maxpool1): MaxPool2d(kernel_size=2, stride=2, padding=0, dilation=1, ceil_mode=False)
    (conv3): Conv2d(128, 128, kernel_size=(3, 3), stride=(1, 1))
    (relu3): ReLU()
    (conv4): Conv2d(128, 128, kernel_size=(3, 3), stride=(1, 1))
    (relu4): ReLU()
    (maxpool2): MaxPool2d(kernel_size=2, stride=2, padding=0, dilation=1, ceil_mode=False)
  )
  (fc1): Linear(in_features=2048, out_features=512, bias=True)
)
06/21 10:56:32 AM | ========> Training...
06/21 10:56:40 AM | episode:100, loss:0.63
06/21 10:56:44 AM | episode:200, loss:0.44
06/21 10:56:48 AM | episode:300, loss:0.49
06/21 10:56:51 AM | episode:400, loss:0.70
06/21 10:56:55 AM | episode:500, loss:0.43
06/21 10:56:55 AM | -------- Validation --------
06/21 10:56:58 AM | Validation accuracy: 97.81%.
06/21 10:56:58 AM | Save controller for episode: 500.
06/21 10:56:58 AM | ----------------------------
06/21 10:57:02 AM | episode:600, loss:0.42
06/21 10:57:05 AM | episode:700, loss:0.33
06/21 10:57:09 AM | episode:800, loss:0.70
06/21 10:57:12 AM | episode:900, loss:0.65
06/21 10:57:16 AM | episode:1000, loss:0.58
06/21 10:57:16 AM | -------- Validation --------
06/21 10:57:19 AM | Validation accuracy: 89.07%.
06/21 10:57:19 AM | ----------------------------
06/21 10:57:22 AM | episode:1100, loss:0.32
06/21 10:57:25 AM | episode:1200, loss:0.37
06/21 10:57:29 AM | episode:1300, loss:0.44
06/21 10:57:32 AM | episode:1400, loss:0.50
06/21 10:57:35 AM | episode:1500, loss:0.59
06/21 10:57:35 AM | -------- Validation --------
06/21 10:57:39 AM | Validation accuracy: 90.88%.
06/21 10:57:39 AM | ----------------------------
06/21 10:57:42 AM | episode:1600, loss:0.37
06/21 10:57:45 AM | episode:1700, loss:0.37
06/21 10:57:48 AM | episode:1800, loss:0.88
06/21 10:57:51 AM | episode:1900, loss:0.40
06/21 10:57:54 AM | episode:2000, loss:0.34
06/21 10:57:54 AM | -------- Validation --------
06/21 10:57:57 AM | Validation accuracy: 95.01%.
06/21 10:57:57 AM | ----------------------------
06/21 10:58:00 AM | episode:2100, loss:0.31
06/21 10:58:04 AM | episode:2200, loss:0.53
06/21 10:58:06 AM | episode:2300, loss:0.47
06/21 10:58:09 AM | episode:2400, loss:0.49
06/21 10:58:12 AM | episode:2500, loss:0.46
06/21 10:58:12 AM | -------- Validation --------
06/21 10:58:15 AM | Validation accuracy: 88.99%.
06/21 10:58:15 AM | ----------------------------
06/21 10:58:19 AM | episode:2600, loss:0.38
06/21 10:58:22 AM | episode:2700, loss:0.34
06/21 10:58:25 AM | episode:2800, loss:0.71
06/21 10:58:28 AM | episode:2900, loss:0.34
06/21 10:58:31 AM | episode:3000, loss:0.29
06/21 10:58:31 AM | -------- Validation --------
06/21 10:58:34 AM | Validation accuracy: 100.00%.
06/21 10:58:34 AM | Save controller for episode: 3000.
06/21 10:58:34 AM | ----------------------------
06/21 10:58:37 AM | episode:3100, loss:0.44
06/21 10:58:40 AM | episode:3200, loss:0.38
06/21 10:58:43 AM | episode:3300, loss:0.30
06/21 10:58:46 AM | episode:3400, loss:0.78
06/21 10:58:49 AM | episode:3500, loss:0.39
06/21 10:58:49 AM | -------- Validation --------
06/21 10:58:52 AM | Validation accuracy: 95.84%.
06/21 10:58:52 AM | ----------------------------
06/21 10:58:55 AM | episode:3600, loss:0.31
06/21 10:58:58 AM | episode:3700, loss:0.45
06/21 10:59:01 AM | episode:3800, loss:0.39
06/21 10:59:04 AM | episode:3900, loss:0.38
06/21 10:59:07 AM | episode:4000, loss:0.30
06/21 10:59:07 AM | -------- Validation --------
06/21 10:59:10 AM | Validation accuracy: 100.00%.
06/21 10:59:10 AM | ----------------------------
06/21 10:59:13 AM | episode:4100, loss:0.35
06/21 10:59:16 AM | episode:4200, loss:0.29
06/21 10:59:19 AM | episode:4300, loss:0.34
06/21 10:59:22 AM | episode:4400, loss:0.33
06/21 10:59:25 AM | episode:4500, loss:0.33
06/21 10:59:25 AM | -------- Validation --------
06/21 10:59:28 AM | Validation accuracy: 100.00%.
06/21 10:59:28 AM | ----------------------------
06/21 10:59:31 AM | episode:4600, loss:0.30
06/21 10:59:34 AM | episode:4700, loss:0.33
06/21 10:59:36 AM | episode:4800, loss:0.30
06/21 10:59:39 AM | episode:4900, loss:0.32
06/21 10:59:42 AM | episode:5000, loss:0.32
06/21 10:59:42 AM | -------- Validation --------
06/21 10:59:45 AM | Validation accuracy: 93.60%.
06/21 10:59:45 AM | ----------------------------
06/21 10:59:48 AM | episode:5100, loss:0.35
06/21 10:59:51 AM | episode:5200, loss:0.40
06/21 10:59:54 AM | episode:5300, loss:0.30
06/21 10:59:57 AM | episode:5400, loss:0.38
06/21 11:00:00 AM | episode:5500, loss:0.34
06/21 11:00:00 AM | -------- Validation --------
06/21 11:00:03 AM | Validation accuracy: 100.00%.
06/21 11:00:03 AM | ----------------------------
06/21 11:00:06 AM | episode:5600, loss:0.36
06/21 11:00:09 AM | episode:5700, loss:0.32
06/21 11:00:12 AM | episode:5800, loss:0.29
06/21 11:00:15 AM | episode:5900, loss:0.46
06/21 11:00:17 AM | episode:6000, loss:0.43
06/21 11:00:17 AM | -------- Validation --------
06/21 11:00:21 AM | Validation accuracy: 100.00%.
06/21 11:00:21 AM | ----------------------------
06/21 11:00:24 AM | episode:6100, loss:0.29
06/21 11:00:27 AM | episode:6200, loss:0.93
06/21 11:00:30 AM | episode:6300, loss:0.43
06/21 11:00:32 AM | episode:6400, loss:0.29
06/21 11:00:35 AM | episode:6500, loss:0.39
06/21 11:00:35 AM | -------- Validation --------
06/21 11:00:38 AM | Validation accuracy: 86.59%.
06/21 11:00:38 AM | ----------------------------
06/21 11:00:41 AM | episode:6600, loss:0.35
06/21 11:00:44 AM | episode:6700, loss:0.30
06/21 11:00:47 AM | episode:6800, loss:0.48
06/21 11:00:50 AM | episode:6900, loss:0.32
06/21 11:00:53 AM | episode:7000, loss:0.30
06/21 11:00:53 AM | -------- Validation --------
06/21 11:00:56 AM | Validation accuracy: 100.00%.
06/21 11:00:56 AM | ----------------------------
06/21 11:00:59 AM | episode:7100, loss:0.29
06/21 11:01:02 AM | episode:7200, loss:0.39
06/21 11:01:05 AM | episode:7300, loss:0.32
06/21 11:01:08 AM | episode:7400, loss:0.29
06/21 11:01:11 AM | episode:7500, loss:0.42
06/21 11:01:11 AM | -------- Validation --------
06/21 11:01:14 AM | Validation accuracy: 97.36%.
06/21 11:01:14 AM | ----------------------------
06/21 11:01:17 AM | episode:7600, loss:0.29
06/21 11:01:20 AM | episode:7700, loss:0.36
06/21 11:01:23 AM | episode:7800, loss:0.66
06/21 11:01:26 AM | episode:7900, loss:0.30
06/21 11:01:29 AM | episode:8000, loss:0.33
06/21 11:01:29 AM | -------- Validation --------
06/21 11:01:32 AM | Validation accuracy: 100.00%.
06/21 11:01:32 AM | ----------------------------
06/21 11:01:35 AM | episode:8100, loss:0.30
06/21 11:01:38 AM | episode:8200, loss:0.35
06/21 11:01:41 AM | episode:8300, loss:0.32
06/21 11:01:44 AM | episode:8400, loss:0.31
06/21 11:01:46 AM | episode:8500, loss:0.31
06/21 11:01:46 AM | -------- Validation --------
06/21 11:01:49 AM | Validation accuracy: 98.03%.
06/21 11:01:49 AM | ----------------------------
06/21 11:01:52 AM | episode:8600, loss:0.35
06/21 11:01:55 AM | episode:8700, loss:0.34
06/21 11:01:58 AM | episode:8800, loss:0.30
06/21 11:02:01 AM | episode:8900, loss:0.31
06/21 11:02:04 AM | episode:9000, loss:0.40
06/21 11:02:04 AM | -------- Validation --------
06/21 11:02:07 AM | Validation accuracy: 95.68%.
06/21 11:02:07 AM | ----------------------------
06/21 11:02:09 AM | episode:9100, loss:0.30
06/21 11:02:12 AM | episode:9200, loss:0.29
06/21 11:02:15 AM | episode:9300, loss:0.31
06/21 11:02:18 AM | episode:9400, loss:0.31
06/21 11:02:21 AM | episode:9500, loss:0.31
06/21 11:02:21 AM | -------- Validation --------
06/21 11:02:24 AM | Validation accuracy: 100.00%.
06/21 11:02:24 AM | ----------------------------
06/21 11:02:27 AM | episode:9600, loss:0.47
06/21 11:02:30 AM | episode:9700, loss:0.34
06/21 11:02:32 AM | episode:9800, loss:0.29
06/21 11:02:35 AM | episode:9900, loss:0.49
06/21 11:02:38 AM | episode:10000, loss:0.56
06/21 11:02:38 AM | -------- Validation --------
06/21 11:02:41 AM | Validation accuracy: 97.81%.
06/21 11:02:41 AM | ----------------------------
06/21 11:02:41 AM |  
06/21 11:02:41 AM | ========> Training finished!
06/21 11:02:41 AM | Training accuracy: 94.87%.
06/21 11:02:41 AM |  
06/21 11:02:41 AM | ========> Use the best performance Controller to test...
06/21 11:03:12 AM | Testing accuracy: 95.25%.
