06/21 05:37:51 PM | args = Namespace(batch_size_test=4, batch_size_train=15, class_num=100, data_dir='/mnt/nfsdisk/jier/4_MANN/mann_hdv/data', feature_dim=512, gpu='0,1,2,3', input_channel=1, learning_rate=0.001, log_dir='./log_check_pretrained/full_precision_100_5', log_interval=10, num_shot=5, pool_query_test=15, pool_query_train=10, pool_val_train=5, pretrained_dir='./log_full_precision_100_5/model_best.pth', quantization=0, test_episode=1000, test_only=1, train_episode=1000, val_episode=250, val_interval=200, val_num_train=3)
06/21 05:37:51 PM | --------------------------------------------------
06/21 05:37:51 PM | ========> Initialize data folders...
06/21 05:37:51 PM | ========> Build and Initialize the Controller...
06/21 05:37:51 PM | Controller(
  (features): Sequential(
    (conv1): Conv2d(1, 128, kernel_size=(5, 5), stride=(1, 1))
    (relu1): ReLU()
    (conv2): Conv2d(128, 128, kernel_size=(5, 5), stride=(1, 1))
    (relu2): ReLU()
    (maxpool1): MaxPool2d(kernel_size=2, stride=2, padding=0, dilation=1, ceil_mode=False)
    (conv3): Conv2d(128, 128, kernel_size=(3, 3), stride=(1, 1))
    (relu3): ReLU()
    (conv4): Conv2d(128, 128, kernel_size=(3, 3), stride=(1, 1))
    (relu4): ReLU()
    (maxpool2): MaxPool2d(kernel_size=2, stride=2, padding=0, dilation=1, ceil_mode=False)
  )
  (fc1): Linear(in_features=2048, out_features=512, bias=True)
)
06/21 05:37:54 PM | ========> Use a pretrained Controller to test...
06/21 05:45:24 PM | Testing accuracy: 95.68%.
