06/20 11:58:23 PM | args = Namespace(batch_size_test=4, batch_size_train=4, class_num=20, feature_dim=512, gpu='2,3', input_channel=1, learning_rate=0.0001, log_dir='./log_binary', log_interval=100, num_shot=5, pool_query_test=15, pool_query_train=10, pool_val_train=3, quantization=1, test_episode=1000, train_episode=10000, val_episode=250, val_interval=500, val_num_train=3)
06/20 11:58:23 PM | --------------------------------------------------
06/20 11:58:23 PM | ========> Initialize data folders...
06/20 11:58:23 PM | ========> Build and Initialize the Controller...
06/20 11:58:27 PM | Controller(
  (features): Sequential(
    (conv1): first_conv(1, 128, kernel_size=(5, 5), stride=(1, 1), bias=False)
    (relu1): ReLU()
    (conv2): XNOR_BinarizeConv2d(128, 128, kernel_size=(5, 5), stride=(1, 1), bias=False)
    (relu2): ReLU()
    (maxpool1): MaxPool2d(kernel_size=2, stride=2, padding=0, dilation=1, ceil_mode=False)
    (conv3): XNOR_BinarizeConv2d(128, 128, kernel_size=(3, 3), stride=(1, 1), bias=False)
    (relu3): ReLU()
    (conv4): XNOR_BinarizeConv2d(128, 128, kernel_size=(3, 3), stride=(1, 1), bias=False)
    (relu4): ReLU()
    (maxpool2): MaxPool2d(kernel_size=2, stride=2, padding=0, dilation=1, ceil_mode=False)
  )
  (fc1): last_fc(in_features=2048, out_features=512, bias=True)
)
06/20 11:58:27 PM | ========> Training...
06/20 11:58:43 PM | episode:100, loss:1.83
06/20 11:58:55 PM | episode:200, loss:1.31
06/20 11:59:09 PM | episode:300, loss:1.33
06/20 11:59:23 PM | episode:400, loss:1.49
06/20 11:59:36 PM | episode:500, loss:1.11
06/20 11:59:36 PM | -------- Validation --------
06/20 11:59:46 PM | Validation accuracy: 22.94%.
06/20 11:59:46 PM | Save controller for episode: 500.
06/20 11:59:46 PM | ----------------------------
06/20 11:59:59 PM | episode:600, loss:0.79
06/21 12:00:12 AM | episode:700, loss:0.76
06/21 12:00:26 AM | episode:800, loss:0.74
06/21 12:00:39 AM | episode:900, loss:0.56
06/21 12:00:53 AM | episode:1000, loss:0.43
06/21 12:00:53 AM | -------- Validation --------
06/21 12:01:02 AM | Validation accuracy: 39.44%.
06/21 12:01:02 AM | Save controller for episode: 1000.
06/21 12:01:02 AM | ----------------------------
06/21 12:01:16 AM | episode:1100, loss:0.36
06/21 12:01:29 AM | episode:1200, loss:0.32
06/21 12:01:42 AM | episode:1300, loss:0.36
06/21 12:01:55 AM | episode:1400, loss:0.29
06/21 12:02:08 AM | episode:1500, loss:0.34
06/21 12:02:08 AM | -------- Validation --------
06/21 12:02:18 AM | Validation accuracy: 33.98%.
06/21 12:02:18 AM | ----------------------------
06/21 12:02:31 AM | episode:1600, loss:0.31
06/21 12:02:45 AM | episode:1700, loss:0.29
06/21 12:02:57 AM | episode:1800, loss:0.23
06/21 12:03:10 AM | episode:1900, loss:0.29
06/21 12:03:24 AM | episode:2000, loss:0.30
06/21 12:03:24 AM | -------- Validation --------
06/21 12:03:33 AM | Validation accuracy: 34.00%.
06/21 12:03:33 AM | ----------------------------
06/21 12:03:46 AM | episode:2100, loss:0.19
06/21 12:04:00 AM | episode:2200, loss:0.20
06/21 12:04:13 AM | episode:2300, loss:0.26
06/21 12:04:26 AM | episode:2400, loss:0.16
06/21 12:04:40 AM | episode:2500, loss:0.16
06/21 12:04:40 AM | -------- Validation --------
06/21 12:04:49 AM | Validation accuracy: 37.64%.
06/21 12:04:49 AM | ----------------------------
06/21 12:05:03 AM | episode:2600, loss:0.33
06/21 12:05:16 AM | episode:2700, loss:0.26
06/21 12:05:29 AM | episode:2800, loss:0.18
06/21 12:05:43 AM | episode:2900, loss:0.13
06/21 12:05:57 AM | episode:3000, loss:0.11
06/21 12:05:57 AM | -------- Validation --------
06/21 12:06:06 AM | Validation accuracy: 39.10%.
06/21 12:06:06 AM | ----------------------------
06/21 12:06:19 AM | episode:3100, loss:0.20
06/21 12:06:32 AM | episode:3200, loss:0.09
06/21 12:06:45 AM | episode:3300, loss:0.19
06/21 12:06:59 AM | episode:3400, loss:0.23
06/21 12:07:12 AM | episode:3500, loss:0.23
06/21 12:07:12 AM | -------- Validation --------
06/21 12:07:21 AM | Validation accuracy: 36.16%.
06/21 12:07:21 AM | ----------------------------
06/21 12:07:35 AM | episode:3600, loss:0.12
06/21 12:07:48 AM | episode:3700, loss:0.18
06/21 12:08:00 AM | episode:3800, loss:0.07
06/21 12:08:14 AM | episode:3900, loss:0.09
06/21 12:08:27 AM | episode:4000, loss:0.27
06/21 12:08:27 AM | -------- Validation --------
06/21 12:08:36 AM | Validation accuracy: 43.48%.
06/21 12:08:36 AM | Save controller for episode: 4000.
06/21 12:08:36 AM | ----------------------------
06/21 12:08:50 AM | episode:4100, loss:0.13
06/21 12:09:03 AM | episode:4200, loss:0.28
06/21 12:09:17 AM | episode:4300, loss:0.14
06/21 12:09:30 AM | episode:4400, loss:0.18
06/21 12:09:43 AM | episode:4500, loss:0.28
06/21 12:09:43 AM | -------- Validation --------
06/21 12:09:52 AM | Validation accuracy: 35.98%.
06/21 12:09:52 AM | ----------------------------
06/21 12:10:05 AM | episode:4600, loss:0.27
06/21 12:10:18 AM | episode:4700, loss:0.11
06/21 12:10:31 AM | episode:4800, loss:0.13
06/21 12:10:45 AM | episode:4900, loss:0.08
06/21 12:10:58 AM | episode:5000, loss:0.10
06/21 12:10:58 AM | -------- Validation --------
06/21 12:11:08 AM | Validation accuracy: 37.00%.
06/21 12:11:08 AM | ----------------------------
06/21 12:11:21 AM | episode:5100, loss:0.10
06/21 12:11:34 AM | episode:5200, loss:0.14
06/21 12:11:48 AM | episode:5300, loss:0.19
06/21 12:12:01 AM | episode:5400, loss:0.13
06/21 12:12:15 AM | episode:5500, loss:0.09
06/21 12:12:15 AM | -------- Validation --------
06/21 12:12:24 AM | Validation accuracy: 33.82%.
06/21 12:12:24 AM | ----------------------------
06/21 12:12:37 AM | episode:5600, loss:0.17
06/21 12:12:50 AM | episode:5700, loss:0.28
06/21 12:13:03 AM | episode:5800, loss:0.23
06/21 12:13:16 AM | episode:5900, loss:0.14
06/21 12:13:29 AM | episode:6000, loss:0.29
06/21 12:13:29 AM | -------- Validation --------
06/21 12:13:39 AM | Validation accuracy: 34.42%.
06/21 12:13:39 AM | ----------------------------
06/21 12:13:52 AM | episode:6100, loss:0.10
06/21 12:14:05 AM | episode:6200, loss:0.15
06/21 12:14:18 AM | episode:6300, loss:0.08
06/21 12:14:31 AM | episode:6400, loss:0.32
06/21 12:14:44 AM | episode:6500, loss:0.17
06/21 12:14:44 AM | -------- Validation --------
06/21 12:14:53 AM | Validation accuracy: 30.26%.
06/21 12:14:53 AM | ----------------------------
06/21 12:15:06 AM | episode:6600, loss:0.09
06/21 12:15:19 AM | episode:6700, loss:0.43
06/21 12:15:32 AM | episode:6800, loss:0.29
06/21 12:15:46 AM | episode:6900, loss:0.03
06/21 12:15:59 AM | episode:7000, loss:0.03
06/21 12:15:59 AM | -------- Validation --------
06/21 12:16:08 AM | Validation accuracy: 30.00%.
06/21 12:16:08 AM | ----------------------------
06/21 12:16:22 AM | episode:7100, loss:0.09
06/21 12:16:35 AM | episode:7200, loss:0.06
06/21 12:16:48 AM | episode:7300, loss:0.02
06/21 12:17:01 AM | episode:7400, loss:0.14
06/21 12:17:14 AM | episode:7500, loss:0.04
06/21 12:17:14 AM | -------- Validation --------
06/21 12:17:23 AM | Validation accuracy: 39.32%.
06/21 12:17:23 AM | ----------------------------
06/21 12:17:37 AM | episode:7600, loss:0.08
06/21 12:17:50 AM | episode:7700, loss:0.08
06/21 12:18:03 AM | episode:7800, loss:0.13
06/21 12:18:16 AM | episode:7900, loss:0.17
06/21 12:18:29 AM | episode:8000, loss:0.18
06/21 12:18:29 AM | -------- Validation --------
06/21 12:18:39 AM | Validation accuracy: 40.28%.
06/21 12:18:39 AM | ----------------------------
06/21 12:18:53 AM | episode:8100, loss:0.05
06/21 12:19:06 AM | episode:8200, loss:0.11
06/21 12:19:20 AM | episode:8300, loss:0.07
06/21 12:19:33 AM | episode:8400, loss:0.05
06/21 12:19:47 AM | episode:8500, loss:0.05
06/21 12:19:47 AM | -------- Validation --------
06/21 12:19:56 AM | Validation accuracy: 36.62%.
06/21 12:19:56 AM | ----------------------------
06/21 12:20:09 AM | episode:8600, loss:0.14
06/21 12:20:22 AM | episode:8700, loss:0.05
06/21 12:20:35 AM | episode:8800, loss:0.05
06/21 12:20:49 AM | episode:8900, loss:0.08
06/21 12:21:02 AM | episode:9000, loss:0.35
06/21 12:21:02 AM | -------- Validation --------
06/21 12:21:11 AM | Validation accuracy: 38.00%.
06/21 12:21:11 AM | ----------------------------
06/21 12:21:25 AM | episode:9100, loss:0.12
06/21 12:21:39 AM | episode:9200, loss:0.14
06/21 12:21:53 AM | episode:9300, loss:0.03
06/21 12:22:06 AM | episode:9400, loss:0.08
06/21 12:22:19 AM | episode:9500, loss:0.10
06/21 12:22:19 AM | -------- Validation --------
06/21 12:22:28 AM | Validation accuracy: 33.30%.
06/21 12:22:28 AM | ----------------------------
06/21 12:22:42 AM | episode:9600, loss:0.10
06/21 12:22:55 AM | episode:9700, loss:0.11
06/21 12:23:07 AM | episode:9800, loss:0.11
06/21 12:23:20 AM | episode:9900, loss:0.08
06/21 12:23:33 AM | episode:10000, loss:0.10
06/21 12:23:33 AM | -------- Validation --------
06/21 12:23:42 AM | Validation accuracy: 35.74%.
06/21 12:23:42 AM | ----------------------------
06/21 12:23:42 AM |  
06/21 12:23:42 AM | ========> Training finished!
06/21 12:23:42 AM | Training accuracy: 91.34%.
06/21 12:23:42 AM |  
06/21 12:23:42 AM | ========> Use the best performance Controller to test...
06/21 12:25:18 AM | Testing accuracy: 94.16%.
